2025-05-14 10:54:02,236 INFO o.a.j.u.JMeterUtils: Setting Locale to en_EN
2025-05-14 10:54:02,281 INFO o.a.j.JMeter: Loading user properties from: D:\Softwares\apache-jmeter-5.6.3\apache-jmeter-5.6.3\bin\user.properties
2025-05-14 10:54:02,296 INFO o.a.j.JMeter: Loading system properties from: D:\Softwares\apache-jmeter-5.6.3\apache-jmeter-5.6.3\bin\system.properties
2025-05-14 10:54:02,299 INFO o.a.j.JMeter: Copyright (c) 1998-2024 The Apache Software Foundation
2025-05-14 10:54:02,299 INFO o.a.j.JMeter: Version 5.6.3
2025-05-14 10:54:02,299 INFO o.a.j.JMeter: java.version=21.0.6
2025-05-14 10:54:02,299 INFO o.a.j.JMeter: java.vm.name=Java HotSpot(TM) 64-Bit Server VM
2025-05-14 10:54:02,299 INFO o.a.j.JMeter: os.name=Windows 11
2025-05-14 10:54:02,299 INFO o.a.j.JMeter: os.arch=amd64
2025-05-14 10:54:02,299 INFO o.a.j.JMeter: os.version=10.0
2025-05-14 10:54:02,299 INFO o.a.j.JMeter: file.encoding=UTF-8
2025-05-14 10:54:02,299 INFO o.a.j.JMeter: java.awt.headless=null
2025-05-14 10:54:02,299 INFO o.a.j.JMeter: Max memory     =1073741824
2025-05-14 10:54:02,299 INFO o.a.j.JMeter: Available Processors =8
2025-05-14 10:54:02,315 INFO o.a.j.JMeter: Default Locale=English (EN)
2025-05-14 10:54:02,315 INFO o.a.j.JMeter: JMeter  Locale=English (EN)
2025-05-14 10:54:02,315 INFO o.a.j.JMeter: JMeterHome=D:\Softwares\apache-jmeter-5.6.3\apache-jmeter-5.6.3
2025-05-14 10:54:02,315 INFO o.a.j.JMeter: user.dir  =C:\Users\Rishi\Desktop\Projects\CdacDnsManagementSystem
2025-05-14 10:54:02,315 INFO o.a.j.JMeter: PWD       =C:\Users\Rishi\Desktop\Projects\CdacDnsManagementSystem
2025-05-14 10:54:02,315 INFO o.a.j.JMeter: IP: 10.55.27.15 Name: LAPTOP-8QGET7VC FullName: host.docker.internal
2025-05-14 10:54:02,331 INFO o.a.j.JMeter: Loaded icon properties from org/apache/jmeter/images/icon.properties
2025-05-14 10:54:02,764 INFO o.a.j.JMeterGuiLauncher: Setting LAF to: com.github.weisj.darklaf.DarkLaf:com.github.weisj.darklaf.theme.DarculaTheme
